<?xml version="1.0" encoding="UTF-8"?>
<testng-results skipped="0" failed="0" total="1" passed="1">
  <reporter-output>
  </reporter-output>
  <suite name="Default suite" duration-ms="12942" started-at="2020-04-20T08:49:23Z" finished-at="2020-04-20T08:49:36Z">
    <groups>
      <group name="cucumber">
        <method signature="Runner.feature(cucumber.api.testng.CucumberFeatureWrapper)[pri:0, instance:utility.Runner@29ca901e]" name="feature" class="utility.Runner"/>
      </group> <!-- cucumber -->
    </groups>
    <test name="Default test" duration-ms="12942" started-at="2020-04-20T08:49:23Z" finished-at="2020-04-20T08:49:36Z">
      <class name="utility.Runner">
        <test-method status="PASS" signature="setUpClass()[pri:0, instance:utility.Runner@29ca901e]" name="setUpClass" is-config="true" duration-ms="554" started-at="2020-04-20T14:19:23Z" finished-at="2020-04-20T14:19:23Z">
          <reporter-output>
          </reporter-output>
        </test-method> <!-- setUpClass -->
        <test-method status="PASS" signature="feature(cucumber.api.testng.CucumberFeatureWrapper)[pri:0, instance:utility.Runner@29ca901e]" name="feature" duration-ms="12221" started-at="2020-04-20T14:19:24Z" description="Runs Cucumber Feature" data-provider="features" finished-at="2020-04-20T14:19:36Z">
          <params>
            <param index="0">
              <value>
                <![CDATA[Launch Feature]]>
              </value>
            </param>
          </params>
          <reporter-output>
          </reporter-output>
        </test-method> <!-- feature -->
        <test-method status="PASS" signature="tearDownClass()[pri:0, instance:utility.Runner@29ca901e]" name="tearDownClass" is-config="true" duration-ms="10" started-at="2020-04-20T14:19:36Z" finished-at="2020-04-20T14:19:36Z">
          <reporter-output>
          </reporter-output>
        </test-method> <!-- tearDownClass -->
      </class> <!-- utility.Runner -->
    </test> <!-- Default test -->
  </suite> <!-- Default suite -->
</testng-results>
